<?xml version="1.0" encoding="UTF-8"?>
<testsuite xmlns:xsi="http://www.w3.org/2001/XMLSchema-instance" xsi:noNamespaceSchemaLocation="https://maven.apache.org/surefire/maven-surefire-plugin/xsd/surefire-test-report.xsd" version="3.0.2" name="com.example.demo.DemoApplicationTests" time="40.879" tests="1" errors="0" skipped="0" failures="0" flakes="0">
  <properties>
[...]
</properties>
  <testcase name="contextLoads" classname="com.example.demo.DemoApplicationTests" time="1.298">
    <system-out><![CDATA[14:46:45.413 [main] INFO org.springframework.test.context.support.AnnotationConfigContextLoaderUtils -- Could not detect default configuration classes for test class [com.example.demo.DemoApplicationTests]: DemoApplicationTests does not declare any static, non-private, non-final, nested classes annotated with @Configuration.
14:46:45.712 [main] INFO org.springframework.boot.test.context.SpringBootTestContextBootstrapper -- Found @SpringBootConfiguration com.example.demo.DemoApplication for test class com.example.demo.DemoApplicationTests
14:46:45.875 [main] INFO org.springframework.test.context.support.AnnotationConfigContextLoaderUtils -- Could not detect default configuration classes for test class [com.example.demo.DemoApplicationTests]: DemoApplicationTests does not declare any static, non-private, non-final, nested classes annotated with @Configuration.
14:46:45.882 [main] INFO org.springframework.boot.test.context.SpringBootTestContextBootstrapper -- Found @SpringBootConfiguration com.example.demo.DemoApplication for test class com.example.demo.DemoApplicationTests

  .   ____          _            __ _ _
 /\\ / ___'_ __ _ _(_)_ __  __ _ \ \ \ \
( ( )\___ | '_ | '_| | '_ \/ _` | \ \ \ \
 \\/  ___)| |_)| | | | | || (_| |  ) ) ) )
  '  |____| .__|_| |_|_| |_\__, | / / / /
 =========|_|==============|___/=/_/_/_/

 :: Spring Boot ::                (v4.0.5)

2026-04-27T14:46:47.319+05:30  INFO 27692 --- [taskflow-app] [           main] com.example.demo.DemoApplicationTests    : Starting DemoApplicationTests using Java 17.0.16 with PID 27692 (started by kalya in C:\Users\kalya\taskflow\backend)
2026-04-27T14:46:47.323+05:30  INFO 27692 --- [taskflow-app] [           main] com.example.demo.DemoApplicationTests    : No active profile set, falling back to 1 default profile: "default"
2026-04-27T14:46:53.053+05:30  INFO 27692 --- [taskflow-app] [           main] .s.d.r.c.RepositoryConfigurationDelegate : Bootstrapping Spring Data JPA repositories in DEFAULT mode.
2026-04-27T14:46:53.376+05:30  INFO 27692 --- [taskflow-app] [           main] .s.d.r.c.RepositoryConfigurationDelegate : Finished Spring Data repository scanning in 277 ms. Found 3 JPA repository interfaces.
2026-04-27T14:46:59.760+05:30  INFO 27692 --- [taskflow-app] [           main] org.hibernate.orm.jpa                    : HHH008540: Processing PersistenceUnitInfo [name: default]
2026-04-27T14:47:00.396+05:30  INFO 27692 --- [taskflow-app] [           main] org.hibernate.orm.core                   : HHH000001: Hibernate ORM core version 7.2.7.Final
2026-04-27T14:47:02.186+05:30  INFO 27692 --- [taskflow-app] [           main] o.s.o.j.p.SpringPersistenceUnitInfo      : No LoadTimeWeaver setup: ignoring JPA class transformer
2026-04-27T14:47:02.254+05:30  INFO 27692 --- [taskflow-app] [           main] com.zaxxer.hikari.HikariDataSource       : HikariPool-1 - Starting...
2026-04-27T14:47:07.565+05:30  INFO 27692 --- [taskflow-app] [           main] com.zaxxer.hikari.pool.HikariPool        : HikariPool-1 - Added connection org.postgresql.jdbc.PgConnection@62d6ac
2026-04-27T14:47:07.569+05:30  INFO 27692 --- [taskflow-app] [           main] com.zaxxer.hikari.HikariDataSource       : HikariPool-1 - Start completed.
2026-04-27T14:47:09.531+05:30  INFO 27692 --- [taskflow-app] [           main] org.hibernate.orm.connections.pooling    : HHH10001005: Database info:
	Database JDBC URL [jdbc:postgresql://dpg-d7l15j8sfn5c73cro26g-a.oregon-postgres.render.com:5432/taskflow_db_6m6p]
	Database driver: PostgreSQL JDBC Driver
	Database dialect: PostgreSQLDialect
	Database version: 18.3
	Default catalog/schema: taskflow_db_6m6p/public
	Autocommit mode: undefined/unknown
	Isolation level: READ_COMMITTED [default READ_COMMITTED]
	JDBC fetch size: none
	Pool: DataSourceConnectionProvider
	Minimum pool size: undefined/unknown
	Maximum pool size: undefined/unknown
2026-04-27T14:47:11.689+05:30  INFO 27692 --- [taskflow-app] [           main] org.hibernate.orm.core                   : HHH000489: No JTA platform available (set 'hibernate.transaction.jta.platform' to enable JTA platform integration)
2026-04-27T14:47:14.337+05:30  INFO 27692 --- [taskflow-app] [           main] j.LocalContainerEntityManagerFactoryBean : Initialized JPA EntityManagerFactory for persistence unit 'default'
2026-04-27T14:47:14.570+05:30  INFO 27692 --- [taskflow-app] [           main] o.s.d.j.r.query.QueryEnhancerFactories   : Hibernate is in classpath; If applicable, HQL parser will be used.
2026-04-27T14:47:15.805+05:30  WARN 27692 --- [taskflow-app] [           main] JpaBaseConfiguration$JpaWebConfiguration : spring.jpa.open-in-view is enabled by default. Therefore, database queries may be performed during view rendering. Explicitly configure spring.jpa.open-in-view to disable this warning
2026-04-27T14:47:16.642+05:30  WARN 27692 --- [taskflow-app] [           main] .s.a.UserDetailsServiceAutoConfiguration : 

Using generated security password: 4f471655-1ed2-4642-a1d9-c4917e53f526

This generated password is for development use only. Your security configuration must be updated before running your application in production.

2026-04-27T14:47:16.665+05:30  INFO 27692 --- [taskflow-app] [           main] r$InitializeUserDetailsManagerConfigurer : Global AuthenticationManager configured with UserDetailsService bean with name inMemoryUserDetailsManager
2026-04-27T14:47:24.295+05:30  INFO 27692 --- [taskflow-app] [           main] com.example.demo.DemoApplicationTests    : Started DemoApplicationTests in 38.263 seconds (process running for 40.8)
]]></system-out>
  </testcase>
</testsuite>